<?xml version="1.0" encoding="UTF-8"?>
<!-- Generated by org.testng.reporters.JUnitReportReporter -->
<testsuite hostname="DESKTOP-GB1OR7N" failures="0" tests="1" name="com.demo.testcases.Sample" time="0.013" errors="0" timestamp="2024-02-26T10:57:31 IST" skipped="0">
  <testcase classname="com.demo.testcases.Sample" name="setup" time="0.013"/>
</testsuite> <!-- com.demo.testcases.Sample -->
